<?xml version="1.0" encoding="UTF-8"?>
<robot generator="Robot 6.0.1 (Python 3.9.6 on darwin)" generated="20230104 11:38:12.463" rpa="false" schemaversion="3">
<suite id="s1" name="Ssh" source="/Users/shivankarkus/Downloads/Demo App/automation/scripts/ssh.robot">
<test id="s1-t1" name="tc-test-ssh" line="5">
<kw name="Open Connection" library="SSHLibrary">
<arg>192.168.119</arg>
<doc>Opens a new SSH connection to the given ``host`` and ``port``.</doc>
<status status="PASS" starttime="20230104 11:38:12.513" endtime="20230104 11:38:12.513"/>
</kw>
<kw name="Login" library="SSHLibrary">
<arg>navneet</arg>
<arg>Shivankar2000</arg>
<doc>Logs into the SSH server with the given ``username`` and ``password``.</doc>
<msg timestamp="20230104 11:38:12.513" level="INFO">Logging into '192.168.119:22' as 'navneet'.</msg>
<msg timestamp="20230104 11:38:14.667" level="INFO">Read output: Last login: Wed Jan  4 11:37:47 2023 from 192.168.0.101</msg>
<status status="PASS" starttime="20230104 11:38:12.513" endtime="20230104 11:38:14.668"/>
</kw>
<kw name="Execute Command" library="SSHLibrary">
<var>${result}</var>
<arg>pwd</arg>
<doc>Executes ``command`` on the remote machine and returns its outputs.</doc>
<msg timestamp="20230104 11:38:14.670" level="INFO">Executing command 'pwd'.</msg>
<msg timestamp="20230104 11:38:16.993" level="INFO">Command exited with return code 0.</msg>
<msg timestamp="20230104 11:38:16.994" level="INFO">${result} = /home/navneet</msg>
<status status="PASS" starttime="20230104 11:38:14.669" endtime="20230104 11:38:16.994"/>
</kw>
<kw name="Get Directory" library="SSHLibrary">
<arg>/home/navneet/Pictures/munsyari</arg>
<doc>Downloads a directory, including its content, from the remote machine to the local machine.</doc>
<msg timestamp="20230104 11:38:17.221" level="INFO">[chan 2] Opened sftp connection (server version 3)</msg>
<msg timestamp="20230104 18:49:46.853" level="FAIL">SSHException: Server connection dropped: </msg>
<status status="FAIL" starttime="20230104 11:38:16.994" endtime="20230104 18:49:46.875"/>
</kw>
<kw name="Close Connection" library="SSHLibrary">
<doc>Closes the current connection.</doc>
<status status="NOT RUN" starttime="20230104 18:49:46.876" endtime="20230104 18:49:46.876"/>
</kw>
<kw name="Log" library="BuiltIn">
<arg>${result}</arg>
<doc>Logs the given message with the given level.</doc>
<status status="NOT RUN" starttime="20230104 18:49:46.876" endtime="20230104 18:49:46.876"/>
</kw>
<status status="FAIL" starttime="20230104 11:38:12.513" endtime="20230104 18:49:46.876">SSHException: Server connection dropped: </status>
</test>
<status status="FAIL" starttime="20230104 11:38:12.465" endtime="20230104 18:49:46.877"/>
</suite>
<statistics>
<total>
<stat pass="0" fail="1" skip="0">All Tests</stat>
</total>
<tag>
</tag>
<suite>
<stat pass="0" fail="1" skip="0" id="s1" name="Ssh">Ssh</stat>
</suite>
</statistics>
<errors>
</errors>
</robot>
