<?xml version="1.0" encoding="UTF-8"?>
<robot generator="Robot 5.0.1 (Python 3.10.7 on darwin)" generated="20230106 23:07:29.036" rpa="false" schemaversion="3">
<suite id="s1" name="UI test" source="/Users/shivankarkus/Desktop/workspace2/Demo_App/automation/UI_test.robot">
<test id="s1-t1" name="Tc-User-Register" line="48">
<kw name="Open Browser" library="SeleniumLibrary" type="SETUP">
<arg>http://localhost:8081</arg>
<arg>chrome</arg>
<doc>Opens a new browser instance to the optional ``url``.</doc>
<msg timestamp="20230106 23:07:29.123" level="INFO">Opening browser 'chrome' to base url 'http://localhost:8081'.</msg>
<status status="PASS" starttime="20230106 23:07:29.123" endtime="20230106 23:07:30.958"/>
</kw>
<kw name="User-Register">
<tag>Register</tag>
<kw name="Sleep" library="BuiltIn">
<arg>2s</arg>
<doc>Pauses the test executed for the given time.</doc>
<msg timestamp="20230106 23:07:32.962" level="INFO">Slept 2 seconds</msg>
<status status="PASS" starttime="20230106 23:07:30.959" endtime="20230106 23:07:32.963"/>
</kw>
<kw name="Click Element" library="SeleniumLibrary">
<arg>xpath://a[contains(text(),'Register')]</arg>
<doc>Click the element identified by ``locator``.</doc>
<msg timestamp="20230106 23:07:32.967" level="INFO">Clicking element 'xpath://a[contains(text(),'Register')]'.</msg>
<status status="PASS" starttime="20230106 23:07:32.963" endtime="20230106 23:07:33.060"/>
</kw>
<kw name="Sleep" library="BuiltIn">
<arg>1s</arg>
<doc>Pauses the test executed for the given time.</doc>
<msg timestamp="20230106 23:07:34.062" level="INFO">Slept 1 second</msg>
<status status="PASS" starttime="20230106 23:07:33.060" endtime="20230106 23:07:34.062"/>
</kw>
<kw name="Input Text" library="SeleniumLibrary">
<arg>id:username</arg>
<arg>${username}</arg>
<doc>Types the given ``text`` into the text field identified by ``locator``.</doc>
<msg timestamp="20230106 23:07:34.064" level="INFO">Typing text 'root' into text field 'id:username'.</msg>
<status status="PASS" starttime="20230106 23:07:34.063" endtime="20230106 23:07:34.187"/>
</kw>
<kw name="Input Text" library="SeleniumLibrary">
<arg>id:password</arg>
<arg>${password}</arg>
<doc>Types the given ``text`` into the text field identified by ``locator``.</doc>
<msg timestamp="20230106 23:07:34.187" level="INFO">Typing text '123' into text field 'id:password'.</msg>
<status status="PASS" starttime="20230106 23:07:34.187" endtime="20230106 23:07:34.221"/>
</kw>
<kw name="Input Text" library="SeleniumLibrary">
<arg>id:firstname</arg>
<arg>${firstname}</arg>
<doc>Types the given ``text`` into the text field identified by ``locator``.</doc>
<msg timestamp="20230106 23:07:34.221" level="INFO">Typing text 'john' into text field 'id:firstname'.</msg>
<status status="PASS" starttime="20230106 23:07:34.221" endtime="20230106 23:07:34.255"/>
</kw>
<kw name="Input Text" library="SeleniumLibrary">
<arg>id:lastname</arg>
<arg>${familyname}</arg>
<doc>Types the given ``text`` into the text field identified by ``locator``.</doc>
<msg timestamp="20230106 23:07:34.255" level="INFO">Typing text 'wick' into text field 'id:lastname'.</msg>
<status status="PASS" starttime="20230106 23:07:34.255" endtime="20230106 23:07:34.285"/>
</kw>
<kw name="Input Text" library="SeleniumLibrary">
<arg>id:phone</arg>
<arg>${phone}</arg>
<doc>Types the given ``text`` into the text field identified by ``locator``.</doc>
<msg timestamp="20230106 23:07:34.285" level="INFO">Typing text 'xyz' into text field 'id:phone'.</msg>
<status status="PASS" starttime="20230106 23:07:34.285" endtime="20230106 23:07:34.315"/>
</kw>
<kw name="Click Element" library="SeleniumLibrary">
<arg>xpath://input[@value='Register' and @type='submit']</arg>
<doc>Click the element identified by ``locator``.</doc>
<msg timestamp="20230106 23:07:34.316" level="INFO">Clicking element 'xpath://input[@value='Register' and @type='submit']'.</msg>
<status status="PASS" starttime="20230106 23:07:34.316" endtime="20230106 23:07:34.439"/>
</kw>
<kw name="Sleep" library="BuiltIn">
<arg>2s</arg>
<doc>Pauses the test executed for the given time.</doc>
<msg timestamp="20230106 23:07:36.440" level="INFO">Slept 2 seconds</msg>
<status status="PASS" starttime="20230106 23:07:34.439" endtime="20230106 23:07:36.440"/>
</kw>
<kw name="Element Should Not Be Visible" library="SeleniumLibrary">
<arg>xpath://input[@value='Register' and @type='submit']</arg>
<doc>Verifies that the element identified by ``locator`` is NOT visible.</doc>
<msg timestamp="20230106 23:07:36.454" level="INFO">Element 'xpath://input[@value='Register' and @type='submit']' did not exist.</msg>
<status status="PASS" starttime="20230106 23:07:36.441" endtime="20230106 23:07:36.454"/>
</kw>
<status status="PASS" starttime="20230106 23:07:30.959" endtime="20230106 23:07:36.454"/>
</kw>
<kw name="Close All Browsers" library="SeleniumLibrary" type="TEARDOWN">
<doc>Closes all open browsers and resets the browser cache.</doc>
<status status="PASS" starttime="20230106 23:07:36.455" endtime="20230106 23:07:36.538"/>
</kw>
<status status="PASS" starttime="20230106 23:07:29.122" endtime="20230106 23:07:36.538"/>
</test>
<test id="s1-t2" name="Tc-User-Login" line="51">
<kw name="Open Browser" library="SeleniumLibrary" type="SETUP">
<arg>http://localhost:8081</arg>
<arg>chrome</arg>
<doc>Opens a new browser instance to the optional ``url``.</doc>
<msg timestamp="20230106 23:07:36.539" level="INFO">Opening browser 'chrome' to base url 'http://localhost:8081'.</msg>
<status status="PASS" starttime="20230106 23:07:36.538" endtime="20230106 23:07:38.122"/>
</kw>
<kw name="User-Login">
<tag>Login</tag>
<kw name="Click Element" library="SeleniumLibrary">
<arg>xpath://a[contains(text(),'Log In')]</arg>
<doc>Click the element identified by ``locator``.</doc>
<msg timestamp="20230106 23:07:38.123" level="INFO">Clicking element 'xpath://a[contains(text(),'Log In')]'.</msg>
<status status="PASS" starttime="20230106 23:07:38.123" endtime="20230106 23:07:38.210"/>
</kw>
<kw name="Sleep" library="BuiltIn">
<arg>1s</arg>
<doc>Pauses the test executed for the given time.</doc>
<msg timestamp="20230106 23:07:39.211" level="INFO">Slept 1 second</msg>
<status status="PASS" starttime="20230106 23:07:38.210" endtime="20230106 23:07:39.212"/>
</kw>
<kw name="Input Text" library="SeleniumLibrary">
<arg>id:username</arg>
<arg>${username}</arg>
<doc>Types the given ``text`` into the text field identified by ``locator``.</doc>
<msg timestamp="20230106 23:07:39.214" level="INFO">Typing text 'root' into text field 'id:username'.</msg>
<status status="PASS" starttime="20230106 23:07:39.212" endtime="20230106 23:07:39.337"/>
</kw>
<kw name="Input Text" library="SeleniumLibrary">
<arg>id:password</arg>
<arg>${password}</arg>
<doc>Types the given ``text`` into the text field identified by ``locator``.</doc>
<msg timestamp="20230106 23:07:39.338" level="INFO">Typing text '123' into text field 'id:password'.</msg>
<status status="PASS" starttime="20230106 23:07:39.337" endtime="20230106 23:07:39.371"/>
</kw>
<kw name="Click Element" library="SeleniumLibrary">
<arg>xpath://input[@value='Log In' and @type='submit']</arg>
<doc>Click the element identified by ``locator``.</doc>
<msg timestamp="20230106 23:07:39.372" level="INFO">Clicking element 'xpath://input[@value='Log In' and @type='submit']'.</msg>
<status status="PASS" starttime="20230106 23:07:39.371" endtime="20230106 23:07:39.493"/>
</kw>
<kw name="Sleep" library="BuiltIn">
<arg>1s</arg>
<doc>Pauses the test executed for the given time.</doc>
<msg timestamp="20230106 23:07:40.494" level="INFO">Slept 1 second</msg>
<status status="PASS" starttime="20230106 23:07:39.493" endtime="20230106 23:07:40.495"/>
</kw>
<kw name="Element Should Not Be Visible" library="SeleniumLibrary">
<arg>xpath://input[@value='Log In' and @type='submit']</arg>
<doc>Verifies that the element identified by ``locator`` is NOT visible.</doc>
<msg timestamp="20230106 23:07:40.509" level="INFO">Element 'xpath://input[@value='Log In' and @type='submit']' did not exist.</msg>
<status status="PASS" starttime="20230106 23:07:40.496" endtime="20230106 23:07:40.509"/>
</kw>
<kw name="Get Table Cell" library="SeleniumLibrary">
<var>${username}</var>
<arg>id:content</arg>
<arg>2</arg>
<arg>2</arg>
<doc>Returns contents of a table cell.</doc>
<msg timestamp="20230106 23:07:40.552" level="INFO">${username} = root</msg>
<status status="PASS" starttime="20230106 23:07:40.509" endtime="20230106 23:07:40.552"/>
</kw>
<kw name="Get Table Cell" library="SeleniumLibrary">
<var>${firstname}</var>
<arg>id:content</arg>
<arg>3</arg>
<arg>2</arg>
<doc>Returns contents of a table cell.</doc>
<msg timestamp="20230106 23:07:40.571" level="INFO">${firstname} = john</msg>
<status status="PASS" starttime="20230106 23:07:40.552" endtime="20230106 23:07:40.571"/>
</kw>
<kw name="Get Table Cell" library="SeleniumLibrary">
<var>${familyname}</var>
<arg>id:content</arg>
<arg>4</arg>
<arg>2</arg>
<doc>Returns contents of a table cell.</doc>
<msg timestamp="20230106 23:07:40.589" level="INFO">${familyname} = wick</msg>
<status status="PASS" starttime="20230106 23:07:40.571" endtime="20230106 23:07:40.589"/>
</kw>
<kw name="Get Table Cell" library="SeleniumLibrary">
<var>${phone}</var>
<arg>id:content</arg>
<arg>5</arg>
<arg>2</arg>
<doc>Returns contents of a table cell.</doc>
<msg timestamp="20230106 23:07:40.606" level="INFO">${phone} = xyz</msg>
<status status="PASS" starttime="20230106 23:07:40.589" endtime="20230106 23:07:40.606"/>
</kw>
<kw name="Log To Console" library="BuiltIn">
<arg>${username}</arg>
<doc>Logs the given message to the console.</doc>
<status status="PASS" starttime="20230106 23:07:40.606" endtime="20230106 23:07:40.607"/>
</kw>
<kw name="Log To Console" library="BuiltIn">
<arg>${firstname}</arg>
<doc>Logs the given message to the console.</doc>
<status status="PASS" starttime="20230106 23:07:40.607" endtime="20230106 23:07:40.607"/>
</kw>
<kw name="Log To Console" library="BuiltIn">
<arg>${familyname}</arg>
<doc>Logs the given message to the console.</doc>
<status status="PASS" starttime="20230106 23:07:40.607" endtime="20230106 23:07:40.607"/>
</kw>
<kw name="Log To Console" library="BuiltIn">
<arg>${phone}</arg>
<doc>Logs the given message to the console.</doc>
<status status="PASS" starttime="20230106 23:07:40.607" endtime="20230106 23:07:40.607"/>
</kw>
<status status="PASS" starttime="20230106 23:07:38.123" endtime="20230106 23:07:40.607"/>
</kw>
<kw name="Close All Browsers" library="SeleniumLibrary" type="TEARDOWN">
<doc>Closes all open browsers and resets the browser cache.</doc>
<status status="PASS" starttime="20230106 23:07:40.607" endtime="20230106 23:07:40.681"/>
</kw>
<status status="PASS" starttime="20230106 23:07:36.538" endtime="20230106 23:07:40.681"/>
</test>
<status status="PASS" starttime="20230106 23:07:29.037" endtime="20230106 23:07:40.681"/>
</suite>
<statistics>
<total>
<stat pass="2" fail="0" skip="0">All Tests</stat>
</total>
<tag>
</tag>
<suite>
<stat pass="2" fail="0" skip="0" id="s1" name="UI test">UI test</stat>
</suite>
</statistics>
<errors>
</errors>
</robot>
